  소스2.c
c:\users\user\documents\visual studio 2017\projects\consoleapplication1\consoleapplication1\소스2.c(23): warning C4996: 'strcpy': This function or variable may be unsafe. Consider using strcpy_s instead. To disable deprecation, use _CRT_SECURE_NO_WARNINGS. See online help for details.
  c:\program files (x86)\windows kits\10\include\10.0.14393.0\ucrt\string.h(129): note: 'strcpy' 선언을 참조하십시오.
c:\users\user\documents\visual studio 2017\projects\consoleapplication1\consoleapplication1\소스2.c(25): warning C4996: 'strcpy': This function or variable may be unsafe. Consider using strcpy_s instead. To disable deprecation, use _CRT_SECURE_NO_WARNINGS. See online help for details.
  c:\program files (x86)\windows kits\10\include\10.0.14393.0\ucrt\string.h(129): note: 'strcpy' 선언을 참조하십시오.
c:\users\user\documents\visual studio 2017\projects\consoleapplication1\consoleapplication1\소스2.c(98): warning C4013: 'gets'이(가) 정의되지 않았습니다. extern은 int형을 반환하는 것으로 간주합니다.
c:\users\user\documents\visual studio 2017\projects\consoleapplication1\consoleapplication1\소스2.c(135): warning C4098: 'ChangeNode': 'void' 함수에서 값을 반환하고 있습니다.
c:\users\user\documents\visual studio 2017\projects\consoleapplication1\consoleapplication1\소스2.c(92): warning C4996: 'scanf': This function or variable may be unsafe. Consider using scanf_s instead. To disable deprecation, use _CRT_SECURE_NO_WARNINGS. See online help for details.
  c:\program files (x86)\windows kits\10\include\10.0.14393.0\ucrt\stdio.h(1269): note: 'scanf' 선언을 참조하십시오.
c:\users\user\documents\visual studio 2017\projects\consoleapplication1\consoleapplication1\소스2.c(100): warning C4996: 'strcpy': This function or variable may be unsafe. Consider using strcpy_s instead. To disable deprecation, use _CRT_SECURE_NO_WARNINGS. See online help for details.
  c:\program files (x86)\windows kits\10\include\10.0.14393.0\ucrt\string.h(129): note: 'strcpy' 선언을 참조하십시오.
c:\users\user\documents\visual studio 2017\projects\consoleapplication1\consoleapplication1\소스2.c(106): warning C4996: 'scanf': This function or variable may be unsafe. Consider using scanf_s instead. To disable deprecation, use _CRT_SECURE_NO_WARNINGS. See online help for details.
  c:\program files (x86)\windows kits\10\include\10.0.14393.0\ucrt\stdio.h(1269): note: 'scanf' 선언을 참조하십시오.
c:\users\user\documents\visual studio 2017\projects\consoleapplication1\consoleapplication1\소스2.c(117): warning C4996: 'strcpy': This function or variable may be unsafe. Consider using strcpy_s instead. To disable deprecation, use _CRT_SECURE_NO_WARNINGS. See online help for details.
  c:\program files (x86)\windows kits\10\include\10.0.14393.0\ucrt\string.h(129): note: 'strcpy' 선언을 참조하십시오.
c:\users\user\documents\visual studio 2017\projects\consoleapplication1\consoleapplication1\소스2.c(123): warning C4996: 'scanf': This function or variable may be unsafe. Consider using scanf_s instead. To disable deprecation, use _CRT_SECURE_NO_WARNINGS. See online help for details.
  c:\program files (x86)\windows kits\10\include\10.0.14393.0\ucrt\stdio.h(1269): note: 'scanf' 선언을 참조하십시오.
c:\users\user\documents\visual studio 2017\projects\consoleapplication1\consoleapplication1\소스2.c(125): warning C4996: 'scanf': This function or variable may be unsafe. Consider using scanf_s instead. To disable deprecation, use _CRT_SECURE_NO_WARNINGS. See online help for details.
  c:\program files (x86)\windows kits\10\include\10.0.14393.0\ucrt\stdio.h(1269): note: 'scanf' 선언을 참조하십시오.
c:\users\user\documents\visual studio 2017\projects\consoleapplication1\consoleapplication1\소스2.c(127): warning C4996: 'scanf': This function or variable may be unsafe. Consider using scanf_s instead. To disable deprecation, use _CRT_SECURE_NO_WARNINGS. See online help for details.
  c:\program files (x86)\windows kits\10\include\10.0.14393.0\ucrt\stdio.h(1269): note: 'scanf' 선언을 참조하십시오.
c:\users\user\documents\visual studio 2017\projects\consoleapplication1\consoleapplication1\소스2.c(147): warning C4047: '함수': 'const char *'의 간접 참조 수준이 'int'과(와) 다릅니다.
c:\users\user\documents\visual studio 2017\projects\consoleapplication1\consoleapplication1\소스2.c(147): warning C4024: 'strcmp': 형식 및 실제 매개 변수 2의 형식이 서로 다릅니다.
c:\users\user\documents\visual studio 2017\projects\consoleapplication1\consoleapplication1\소스2.c(231): warning C4047: '함수': 'int'의 간접 참조 수준이 'char [20]'과(와) 다릅니다.
c:\users\user\documents\visual studio 2017\projects\consoleapplication1\consoleapplication1\소스2.c(231): warning C4024: 'DeleteNode': 형식 및 실제 매개 변수 2의 형식이 서로 다릅니다.
c:\users\user\documents\visual studio 2017\projects\consoleapplication1\consoleapplication1\소스2.c(180): warning C4996: 'scanf': This function or variable may be unsafe. Consider using scanf_s instead. To disable deprecation, use _CRT_SECURE_NO_WARNINGS. See online help for details.
  c:\program files (x86)\windows kits\10\include\10.0.14393.0\ucrt\stdio.h(1269): note: 'scanf' 선언을 참조하십시오.
c:\users\user\documents\visual studio 2017\projects\consoleapplication1\consoleapplication1\소스2.c(190): warning C4996: 'scanf': This function or variable may be unsafe. Consider using scanf_s instead. To disable deprecation, use _CRT_SECURE_NO_WARNINGS. See online help for details.
  c:\program files (x86)\windows kits\10\include\10.0.14393.0\ucrt\stdio.h(1269): note: 'scanf' 선언을 참조하십시오.
c:\users\user\documents\visual studio 2017\projects\consoleapplication1\consoleapplication1\소스2.c(195): warning C4996: 'scanf': This function or variable may be unsafe. Consider using scanf_s instead. To disable deprecation, use _CRT_SECURE_NO_WARNINGS. See online help for details.
  c:\program files (x86)\windows kits\10\include\10.0.14393.0\ucrt\stdio.h(1269): note: 'scanf' 선언을 참조하십시오.
c:\users\user\documents\visual studio 2017\projects\consoleapplication1\consoleapplication1\소스2.c(197): warning C4996: 'scanf': This function or variable may be unsafe. Consider using scanf_s instead. To disable deprecation, use _CRT_SECURE_NO_WARNINGS. See online help for details.
  c:\program files (x86)\windows kits\10\include\10.0.14393.0\ucrt\stdio.h(1269): note: 'scanf' 선언을 참조하십시오.
c:\users\user\documents\visual studio 2017\projects\consoleapplication1\consoleapplication1\소스2.c(199): warning C4996: 'scanf': This function or variable may be unsafe. Consider using scanf_s instead. To disable deprecation, use _CRT_SECURE_NO_WARNINGS. See online help for details.
  c:\program files (x86)\windows kits\10\include\10.0.14393.0\ucrt\stdio.h(1269): note: 'scanf' 선언을 참조하십시오.
c:\users\user\documents\visual studio 2017\projects\consoleapplication1\consoleapplication1\소스2.c(174): warning C4101: 'good' :참조되지 않은 지역 변수입니다.
c:\users\user\documents\visual studio 2017\projects\consoleapplication1\consoleapplication1\소스2.c(174): warning C4101: 'change' :참조되지 않은 지역 변수입니다.
소스2.obj : error LNK2005: _DeleteNode이(가) 소스.obj에 이미 정의되어 있습니다.
소스2.obj : error LNK2005: _InsertNode이(가) 소스.obj에 이미 정의되어 있습니다.
소스2.obj : error LNK2005: _SearchNode이(가) 소스.obj에 이미 정의되어 있습니다.
소스2.obj : error LNK2005: _get_node이(가) 소스.obj에 이미 정의되어 있습니다.
소스2.obj : error LNK2005: _main이(가) 소스.obj에 이미 정의되어 있습니다.
C:\Users\User\documents\visual studio 2017\Projects\ConsoleApplication1\Debug\ConsoleApplication1.exe : fatal error LNK1169: 여러 번 정의된 기호가 있습니다.
